\BOOKMARK [0][-]{chapter.1}{\376\377\004\047\004\102\004\076\000\040\004\075\004\076\004\062\004\076\004\063\004\076\000?}{}% 1
\BOOKMARK [1][-]{section.1.1}{\376\377\004\041\004\077\004\070\004\101\004\076\004\072\000\040\004\070\004\067\004\074\004\065\004\075\004\065\004\075\004\070\004\071\000\040\004\077\004\076\000\040\004\062\004\065\004\100\004\101\004\070\004\117\004\074\000.}{chapter.1}% 2
\BOOKMARK [2][-]{subsection.1.1.1}{\376\377\000X\000Y\000\040\000P\000l\000o\000t\000\040\000v\000\040\0004\000.\0004\000.\0001}{section.1.1}% 3
\BOOKMARK [3][-]{subsubsection.1.1.1.1}{\376\377\004\030\004\067\004\074\004\065\004\075\004\065\004\075\004\076}{subsection.1.1.1}% 4
\BOOKMARK [3][-]{subsubsection.1.1.1.2}{\376\377\004\024\004\076\004\061\004\060\004\062\004\073\004\065\004\075\004\076}{subsection.1.1.1}% 5
\BOOKMARK [3][-]{subsubsection.1.1.1.3}{\376\377\004\030\004\101\004\077\004\100\004\060\004\062\004\073\004\065\004\075\004\076}{subsection.1.1.1}% 6
\BOOKMARK [2][-]{subsection.1.1.2}{\376\377\000X\000Y\000\040\000P\000l\000o\000t\000\040\000v\000\040\0003\000.\0004\000.\0001}{section.1.1}% 7
\BOOKMARK [3][-]{subsubsection.1.1.2.1}{\376\377\004\030\004\067\004\074\004\065\004\075\004\065\004\075\004\076}{subsection.1.1.2}% 8
\BOOKMARK [3][-]{subsubsection.1.1.2.2}{\376\377\004\024\004\076\004\061\004\060\004\062\004\073\004\065\004\075\004\076}{subsection.1.1.2}% 9
\BOOKMARK [3][-]{subsubsection.1.1.2.3}{\376\377\004\030\004\101\004\077\004\100\004\060\004\062\004\073\004\065\004\075\004\076}{subsection.1.1.2}% 10
\BOOKMARK [2][-]{subsection.1.1.3}{\376\377\000X\000Y\000\040\000P\000l\000o\000t\000\040\000v\000\040\0002\000.\0003\000.\0001}{section.1.1}% 11
\BOOKMARK [3][-]{subsubsection.1.1.3.1}{\376\377\004\030\004\067\004\074\004\065\004\075\004\065\004\075\004\076}{subsection.1.1.3}% 12
\BOOKMARK [3][-]{subsubsection.1.1.3.2}{\376\377\004\024\004\076\004\061\004\060\004\062\004\073\004\065\004\075\004\076}{subsection.1.1.3}% 13
\BOOKMARK [3][-]{subsubsection.1.1.3.3}{\376\377\004\030\004\101\004\077\004\100\004\060\004\062\004\073\004\065\004\075\004\076}{subsection.1.1.3}% 14
\BOOKMARK [2][-]{subsection.1.1.4}{\376\377\000X\000Y\000\040\000P\000l\000o\000t\000\040\000v\000\040\0002\000.\0002\000.\0001}{section.1.1}% 15
\BOOKMARK [3][-]{subsubsection.1.1.4.1}{\376\377\004\030\004\067\004\074\004\065\004\075\004\065\004\075\004\076}{subsection.1.1.4}% 16
\BOOKMARK [3][-]{subsubsection.1.1.4.2}{\376\377\004\024\004\076\004\061\004\060\004\062\004\073\004\065\004\075\004\076}{subsection.1.1.4}% 17
\BOOKMARK [3][-]{subsubsection.1.1.4.3}{\376\377\004\030\004\101\004\077\004\100\004\060\004\062\004\073\004\065\004\075\004\076}{subsection.1.1.4}% 18
\BOOKMARK [2][-]{subsection.1.1.5}{\376\377\000X\000Y\000\040\000P\000l\000o\000t\000\040\000v\000\040\0002\000.\0001\000.\0001}{section.1.1}% 19
\BOOKMARK [3][-]{subsubsection.1.1.5.1}{\376\377\004\030\004\067\004\074\004\065\004\075\004\065\004\075\004\076}{subsection.1.1.5}% 20
\BOOKMARK [3][-]{subsubsection.1.1.5.2}{\376\377\004\024\004\076\004\061\004\060\004\062\004\073\004\065\004\075\004\076}{subsection.1.1.5}% 21
\BOOKMARK [3][-]{subsubsection.1.1.5.3}{\376\377\004\030\004\101\004\077\004\100\004\060\004\062\004\073\004\065\004\075\004\076}{subsection.1.1.5}% 22
\BOOKMARK [2][-]{subsection.1.1.6}{\376\377\000X\000Y\000\040\000P\000l\000o\000t\000\040\000v\000\040\0001\000.\0000\000.\0001}{section.1.1}% 23
\BOOKMARK [3][-]{subsubsection.1.1.6.1}{\376\377\004\030\004\067\004\074\004\065\004\075\004\065\004\075\004\076}{subsection.1.1.6}% 24
\BOOKMARK [3][-]{subsubsection.1.1.6.2}{\376\377\004\024\004\076\004\061\004\060\004\062\004\073\004\065\004\075\004\076}{subsection.1.1.6}% 25
\BOOKMARK [3][-]{subsubsection.1.1.6.3}{\376\377\004\030\004\101\004\077\004\100\004\060\004\062\004\073\004\065\004\075\004\076}{subsection.1.1.6}% 26
\BOOKMARK [0][-]{chapter.2}{\376\377\004\041\004\102\004\100\004\060\004\075\004\070\004\106\004\060\000\040\0001}{}% 27
\BOOKMARK [1][-]{section.2.1}{\376\377\004\055\004\102\004\076\000\040\004\077\004\100\004\070\004\074\004\065\004\100\000\040\004\101\004\065\004\072\004\106\004\070\004\070\000.}{chapter.2}% 28
\BOOKMARK [2][-]{subsection.2.1.1}{\376\377\004\040\004\060\004\067\004\064\004\065\004\073\000\040\0001}{section.2.1}% 29
\BOOKMARK [2][-]{subsection.2.1.2}{\376\377\004\040\004\060\004\067\004\064\004\065\004\073\000\040\0002}{section.2.1}% 30
\BOOKMARK [0][-]{chapter.3}{\376\377\004\041\004\102\004\100\004\060\004\075\004\070\004\106\004\060\000\040\0003}{}% 31
\BOOKMARK [1][-]{section.3.1}{\376\377\004\055\004\102\004\076\000\040\004\077\004\100\004\070\004\074\004\065\004\100\000\040\004\101\004\065\004\072\004\106\004\070\004\070\000.}{chapter.3}% 32
\BOOKMARK [2][-]{subsection.3.1.1}{\376\377\004\040\004\060\004\067\004\064\004\065\004\073\000\040\0002}{section.3.1}% 33
\BOOKMARK [2][-]{subsection.3.1.2}{\376\377\004\040\004\060\004\067\004\064\004\065\004\073\000\040\0002}{section.3.1}% 34
\BOOKMARK [0][-]{chapter.4}{\376\377\004\020\004\073\004\104\004\060\004\062\004\070\004\102\004\075\004\113\004\071\000\040\004\103\004\072\004\060\004\067\004\060\004\102\004\065\004\073\004\114\000\040\004\063\004\100\004\103\004\077\004\077}{}% 35
\BOOKMARK [1][-]{section.4.1}{\376\377\004\023\004\100\004\103\004\077\004\077\004\113}{chapter.4}% 36
\BOOKMARK [0][-]{chapter.5}{\376\377\004\020\004\073\004\104\004\060\004\062\004\070\004\102\004\075\004\113\004\071\000\040\004\103\004\072\004\060\004\067\004\060\004\102\004\065\004\073\004\114\000\040\004\077\004\100\004\076\004\101\004\102\004\100\004\060\004\075\004\101\004\102\004\062\000\040\004\070\004\074\004\065\004\075}{}% 37
\BOOKMARK [1][-]{section.5.1}{\376\377\004\037\004\100\004\076\004\101\004\102\004\100\004\060\004\075\004\101\004\102\004\062\004\060\000\040\004\070\004\074\004\065\004\075}{chapter.5}% 38
\BOOKMARK [0][-]{chapter.6}{\376\377\004\030\004\065\004\100\004\060\004\100\004\105\004\070\004\107\004\065\004\101\004\072\004\070\004\071\000\040\004\101\004\077\004\070\004\101\004\076\004\072\000\040\004\072\004\073\004\060\004\101\004\101\004\076\004\062}{}% 39
\BOOKMARK [1][-]{section.6.1}{\376\377\004\030\004\065\004\100\004\060\004\100\004\105\004\070\004\117\000\040\004\072\004\073\004\060\004\101\004\101\004\076\004\062}{chapter.6}% 40
\BOOKMARK [0][-]{chapter.7}{\376\377\004\020\004\073\004\104\004\060\004\062\004\070\004\102\004\075\004\113\004\071\000\040\004\103\004\072\004\060\004\067\004\060\004\102\004\065\004\073\004\114\000\040\004\072\004\073\004\060\004\101\004\101\004\076\004\062}{}% 41
\BOOKMARK [1][-]{section.7.1}{\376\377\004\032\004\073\004\060\004\101\004\101\004\113}{chapter.7}% 42
\BOOKMARK [0][-]{chapter.8}{\376\377\004\041\004\077\004\070\004\101\004\076\004\072\000\040\004\104\004\060\004\071\004\073\004\076\004\062}{}% 43
\BOOKMARK [1][-]{section.8.1}{\376\377\004\044\004\060\004\071\004\073\004\113}{chapter.8}% 44
\BOOKMARK [0][-]{chapter.9}{\376\377\004\023\004\100\004\103\004\077\004\077\004\113}{}% 45
\BOOKMARK [1][-]{section.9.1}{\376\377\004\044\004\103\004\075\004\072\004\106\004\070\004\070\000\040\004\070\004\075\004\106\004\070\004\060\004\073\004\070\004\067\004\060\004\106\004\070\004\070\000\040\004\070\000\040\004\076\004\101\004\062\004\076\004\061\004\076\004\066\004\064\004\065\004\075\004\070\004\117\000\040\0002\000D\000\040\004\063\004\100\004\060\004\104\004\070\004\072\004\070}{chapter.9}% 46
\BOOKMARK [2][-]{subsection.9.1.1}{\376\377\004\037\004\076\004\064\004\100\004\076\004\061\004\075\004\076\004\065\000\040\004\076\004\077\004\070\004\101\004\060\004\075\004\070\004\065}{section.9.1}% 47
\BOOKMARK [2][-]{subsection.9.1.2}{\376\377\004\044\004\103\004\075\004\072\004\106\004\070\004\070}{section.9.1}% 48
\BOOKMARK [3][-]{subsubsection.9.1.2.1}{\376\377\000C\000r\000e\000a\000t\000e\000P\000l\000o\000t}{subsection.9.1.2}% 49
\BOOKMARK [3][-]{subsubsection.9.1.2.2}{\376\377\000D\000e\000s\000t\000r\000o\000y\000P\000l\000o\000t}{subsection.9.1.2}% 50
\BOOKMARK [3][-]{subsubsection.9.1.2.3}{\376\377\000I\000n\000i\000t\000i\000a\000l\000i\000z\000e}{subsection.9.1.2}% 51
\BOOKMARK [1][-]{section.9.2}{\376\377\004\044\004\103\004\075\004\072\004\106\004\070\004\070\000\040\004\101\004\076\004\105\004\100\004\060\004\075\004\065\004\075\004\070\004\117\000\040\004\070\000\040\004\067\004\060\004\063\004\100\004\103\004\067\004\072\004\070\000\040\004\101\004\062\004\076\004\071\004\101\004\102\004\062}{chapter.9}% 52
\BOOKMARK [2][-]{subsection.9.2.1}{\376\377\004\037\004\076\004\064\004\100\004\076\004\061\004\075\004\076\004\065\000\040\004\076\004\077\004\070\004\101\004\060\004\075\004\070\004\065}{section.9.2}% 53
\BOOKMARK [2][-]{subsection.9.2.2}{\376\377\004\044\004\103\004\075\004\072\004\106\004\070\004\070}{section.9.2}% 54
\BOOKMARK [3][-]{subsubsection.9.2.2.1}{\376\377\000L\000o\000a\000d\000P\000r\000o\000p\000e\000r\000t\000i\000e\000s}{subsection.9.2.2}% 55
\BOOKMARK [3][-]{subsubsection.9.2.2.2}{\376\377\000R\000e\000g\000L\000o\000a\000d\000S\000e\000t\000t\000i\000n\000g\000s}{subsection.9.2.2}% 56
\BOOKMARK [3][-]{subsubsection.9.2.2.3}{\376\377\000R\000e\000g\000R\000e\000s\000t\000o\000r\000e\000D\000e\000f\000a\000u\000l\000t\000s}{subsection.9.2.2}% 57
\BOOKMARK [3][-]{subsubsection.9.2.2.4}{\376\377\000R\000e\000g\000S\000a\000v\000e\000S\000e\000t\000t\000i\000n\000g\000s}{subsection.9.2.2}% 58
\BOOKMARK [3][-]{subsubsection.9.2.2.5}{\376\377\000S\000a\000v\000e\000P\000r\000o\000p\000e\000r\000t\000i\000e\000s}{subsection.9.2.2}% 59
\BOOKMARK [1][-]{section.9.3}{\376\377\004\044\004\103\004\075\004\072\004\106\004\070\004\070\000\040\004\064\004\073\004\117\000\040\004\100\004\060\004\061\004\076\004\102\004\113\000\040\004\101\000\040\004\062\004\113\004\064\004\065\004\073\004\065\004\075\004\070\004\065\004\074}{chapter.9}% 60
\BOOKMARK [2][-]{subsection.9.3.1}{\376\377\004\037\004\076\004\064\004\100\004\076\004\061\004\075\004\076\004\065\000\040\004\076\004\077\004\070\004\101\004\060\004\075\004\070\004\065}{section.9.3}% 61
\BOOKMARK [2][-]{subsection.9.3.2}{\376\377\004\044\004\103\004\075\004\072\004\106\004\070\004\070}{section.9.3}% 62
\BOOKMARK [3][-]{subsubsection.9.3.2.1}{\376\377\000G\000e\000t\000S\000e\000l\000e\000c\000t\000i\000o\000n\000M\000o\000d\000e}{subsection.9.3.2}% 63
\BOOKMARK [3][-]{subsubsection.9.3.2.2}{\376\377\000S\000e\000l\000e\000c\000t}{subsection.9.3.2}% 64
\BOOKMARK [3][-]{subsubsection.9.3.2.3}{\376\377\000S\000e\000l\000e\000c\000t}{subsection.9.3.2}% 65
\BOOKMARK [3][-]{subsubsection.9.3.2.4}{\376\377\000S\000e\000t\000F\000l\000a\000s\000h\000S\000p\000e\000e\000d}{subsection.9.3.2}% 66
\BOOKMARK [3][-]{subsubsection.9.3.2.5}{\376\377\000S\000e\000t\000S\000e\000l\000e\000c\000t\000i\000o\000n\000M\000o\000d\000e}{subsection.9.3.2}% 67
\BOOKMARK [1][-]{section.9.4}{\376\377\004\044\004\103\004\075\004\072\004\106\004\070\004\070\000\040\004\064\004\073\004\117\000\040\004\100\004\060\004\061\004\076\004\102\004\113\000\040\004\101\000\040\004\115\004\073\004\065\004\074\004\065\004\075\004\102\004\060\004\074\004\070\000\040\004\063\004\100\004\060\004\104\004\070\004\072\004\060}{chapter.9}% 68
\BOOKMARK [2][-]{subsection.9.4.1}{\376\377\004\037\004\076\004\064\004\100\004\076\004\061\004\075\004\076\004\065\000\040\004\076\004\077\004\070\004\101\004\060\004\075\004\070\004\065}{section.9.4}% 69
\BOOKMARK [2][-]{subsection.9.4.2}{\376\377\004\044\004\103\004\075\004\072\004\106\004\070\004\070}{section.9.4}% 70
\BOOKMARK [3][-]{subsubsection.9.4.2.1}{\376\377\000E\000n\000a\000b\000l\000e\000I\000t\000e\000m}{subsection.9.4.2}% 71
\BOOKMARK [3][-]{subsubsection.9.4.2.2}{\376\377\000G\000e\000t\000A\000x\000i\000s\000R\000a\000n\000g\000e}{subsection.9.4.2}% 72
\BOOKMARK [3][-]{subsubsection.9.4.2.3}{\376\377\000G\000e\000t\000C\000o\000l\000o\000r}{subsection.9.4.2}% 73
\BOOKMARK [3][-]{subsubsection.9.4.2.4}{\376\377\000G\000e\000t\000D\000o\000u\000b\000l\000e}{subsection.9.4.2}% 74
\BOOKMARK [3][-]{subsubsection.9.4.2.5}{\376\377\000G\000e\000t\000L\000o\000n\000g}{subsection.9.4.2}% 75
\BOOKMARK [3][-]{subsubsection.9.4.2.6}{\376\377\000G\000e\000t\000S\000t\000r\000i\000n\000g}{subsection.9.4.2}% 76
\BOOKMARK [3][-]{subsubsection.9.4.2.7}{\376\377\000I\000s\000E\000n\000a\000b\000l\000e\000d}{subsection.9.4.2}% 77
\BOOKMARK [3][-]{subsubsection.9.4.2.8}{\376\377\000S\000e\000t\000A\000x\000i\000s\000R\000a\000n\000g\000e}{subsection.9.4.2}% 78
\BOOKMARK [3][-]{subsubsection.9.4.2.9}{\376\377\000S\000e\000t\000C\000o\000l\000o\000r}{subsection.9.4.2}% 79
\BOOKMARK [3][-]{subsubsection.9.4.2.10}{\376\377\000S\000e\000t\000D\000o\000u\000b\000l\000e}{subsection.9.4.2}% 80
\BOOKMARK [3][-]{subsubsection.9.4.2.11}{\376\377\000S\000e\000t\000F\000o\000n\000t}{subsection.9.4.2}% 81
\BOOKMARK [3][-]{subsubsection.9.4.2.12}{\376\377\000S\000e\000t\000L\000o\000n\000g}{subsection.9.4.2}% 82
\BOOKMARK [3][-]{subsubsection.9.4.2.13}{\376\377\000S\000e\000t\000S\000t\000r\000i\000n\000g}{subsection.9.4.2}% 83
\BOOKMARK [1][-]{section.9.5}{\376\377\004\044\004\103\004\075\004\072\004\106\004\070\004\070\000\040\004\064\004\073\004\117\000\040\004\100\004\060\004\061\004\076\004\102\004\113\000\040\004\101\000\040\004\077\004\100\004\076\004\104\004\070\004\073\004\117\004\074\004\070\000\040\004\070\000\040\004\063\004\100\004\103\004\077\004\077\004\060\004\074\004\070\000.}{chapter.9}% 84
\BOOKMARK [2][-]{subsection.9.5.1}{\376\377\004\037\004\076\004\064\004\100\004\076\004\061\004\075\004\076\004\065\000\040\004\076\004\077\004\070\004\101\004\060\004\075\004\070\004\065}{section.9.5}% 85
\BOOKMARK [2][-]{subsection.9.5.2}{\376\377\004\044\004\103\004\075\004\072\004\106\004\070\004\070}{section.9.5}% 86
\BOOKMARK [3][-]{subsubsection.9.5.2.1}{\376\377\000A\000p\000p\000e\000n\000d\000D\000a\000t\000a}{subsection.9.5.2}% 87
\BOOKMARK [3][-]{subsubsection.9.5.2.2}{\376\377\000B\000i\000n\000d\000P\000r\000o\000f\000i\000l\000e\000T\000o\000G\000r\000o\000u\000p}{subsection.9.5.2}% 88
\BOOKMARK [3][-]{subsubsection.9.5.2.3}{\376\377\000C\000r\000e\000a\000t\000e\000G\000r\000o\000u\000p}{subsection.9.5.2}% 89
\BOOKMARK [3][-]{subsubsection.9.5.2.4}{\376\377\000C\000r\000e\000a\000t\000e\000P\000r\000o\000f\000i\000l\000e}{subsection.9.5.2}% 90
\BOOKMARK [3][-]{subsubsection.9.5.2.5}{\376\377\000D\000e\000l\000e\000t\000e\000G\000r\000o\000u\000p}{subsection.9.5.2}% 91
\BOOKMARK [3][-]{subsubsection.9.5.2.6}{\376\377\000D\000e\000l\000e\000t\000e\000P\000r\000o\000f\000i\000l\000e}{subsection.9.5.2}% 92
\BOOKMARK [3][-]{subsubsection.9.5.2.7}{\376\377\000G\000e\000t\000D\000a\000t\000a}{subsection.9.5.2}% 93
\BOOKMARK [3][-]{subsubsection.9.5.2.8}{\376\377\000G\000e\000t\000P\000r\000o\000f\000i\000l\000e\000L\000i\000s\000t}{subsection.9.5.2}% 94
\BOOKMARK [3][-]{subsubsection.9.5.2.9}{\376\377\000S\000e\000t\000D\000a\000t\000a}{subsection.9.5.2}% 95
\BOOKMARK [0][-]{chapter.10}{\376\377\004\037\004\100\004\076\004\101\004\102\004\100\004\060\004\075\004\101\004\102\004\062\004\060\000\040\004\070\004\074\004\065\004\075}{}% 96
\BOOKMARK [1][-]{section.10.1}{\376\377\004\037\004\100\004\076\004\101\004\102\004\100\004\060\004\075\004\101\004\102\004\062\004\076\000\040\004\070\004\074\004\065\004\075\000\040\000x\000y\000p\000l\000o\000t}{chapter.10}% 97
\BOOKMARK [2][-]{subsection.10.1.1}{\376\377\004\042\004\070\004\077\004\113}{section.10.1}% 98
\BOOKMARK [3][-]{subsubsection.10.1.1.1}{\376\377\000F\000L\000A\000S\000H\000\137\000S\000P\000E\000E\000D}{subsection.10.1.1}% 99
\BOOKMARK [3][-]{subsubsection.10.1.1.2}{\376\377\000L\000P\000F\000N\000A\000D\000D\000L\000E\000V\000E\000L}{subsection.10.1.1}% 100
\BOOKMARK [3][-]{subsubsection.10.1.1.3}{\376\377\000L\000P\000F\000N\000A\000D\000D\000P\000R\000O\000F\000I\000L\000E}{subsection.10.1.1}% 101
\BOOKMARK [3][-]{subsubsection.10.1.1.4}{\376\377\000L\000P\000F\000N\000A\000D\000D\000R\000E\000G\000I\000O\000N}{subsection.10.1.1}% 102
\BOOKMARK [3][-]{subsubsection.10.1.1.5}{\376\377\000L\000P\000F\000N\000A\000P\000P\000E\000N\000D\000D\000A\000T\000A}{subsection.10.1.1}% 103
\BOOKMARK [3][-]{subsubsection.10.1.1.6}{\376\377\000L\000P\000F\000N\000B\000I\000N\000D\000P\000R\000O\000F\000I\000L\000E}{subsection.10.1.1}% 104
\BOOKMARK [3][-]{subsubsection.10.1.1.7}{\376\377\000L\000P\000F\000N\000C\000O\000P\000Y\000T\000O\000C\000L\000I\000P\000B\000O\000A\000R\000D}{subsection.10.1.1}% 105
\BOOKMARK [3][-]{subsubsection.10.1.1.8}{\376\377\000L\000P\000F\000N\000C\000R\000E\000A\000T\000E\000G\000R\000O\000U\000P}{subsection.10.1.1}% 106
\BOOKMARK [3][-]{subsubsection.10.1.1.9}{\376\377\000L\000P\000F\000N\000D\000E\000L\000E\000T\000E\000G\000R\000O\000U\000P}{subsection.10.1.1}% 107
\BOOKMARK [3][-]{subsubsection.10.1.1.10}{\376\377\000L\000P\000F\000N\000D\000E\000L\000E\000T\000E\000L\000E\000V\000E\000L}{subsection.10.1.1}% 108
\BOOKMARK [3][-]{subsubsection.10.1.1.11}{\376\377\000L\000P\000F\000N\000D\000E\000L\000E\000T\000E\000P\000R\000O\000F\000I\000L\000E}{subsection.10.1.1}% 109
\BOOKMARK [3][-]{subsubsection.10.1.1.12}{\376\377\000L\000P\000F\000N\000D\000E\000L\000E\000T\000E\000R\000E\000G\000I\000O\000N}{subsection.10.1.1}% 110
\BOOKMARK [3][-]{subsubsection.10.1.1.13}{\376\377\000L\000P\000F\000N\000D\000R\000A\000W\000T\000O\000B\000I\000T\000M\000A\000P}{subsection.10.1.1}% 111
\BOOKMARK [3][-]{subsubsection.10.1.1.14}{\376\377\000L\000P\000F\000N\000E\000N\000A\000B\000L\000E\000I\000T\000E\000M}{subsection.10.1.1}% 112
\BOOKMARK [3][-]{subsubsection.10.1.1.15}{\376\377\000L\000P\000F\000N\000F\000I\000N\000A\000L\000I\000Z\000E}{subsection.10.1.1}% 113
\BOOKMARK [3][-]{subsubsection.10.1.1.16}{\376\377\000L\000P\000F\000N\000G\000E\000T\000C\000O\000L\000O\000R}{subsection.10.1.1}% 114
\BOOKMARK [3][-]{subsubsection.10.1.1.17}{\376\377\000L\000P\000F\000N\000G\000E\000T\000D\000O\000U\000B\000L\000E}{subsection.10.1.1}% 115
\BOOKMARK [3][-]{subsubsection.10.1.1.18}{\376\377\000L\000P\000F\000N\000G\000E\000T\000L\000O\000N\000G}{subsection.10.1.1}% 116
\BOOKMARK [3][-]{subsubsection.10.1.1.19}{\376\377\000L\000P\000F\000N\000G\000E\000T\000P\000R\000O\000F\000L\000I\000S\000T}{subsection.10.1.1}% 117
\BOOKMARK [3][-]{subsubsection.10.1.1.20}{\376\377\000L\000P\000F\000N\000G\000E\000T\000S\000E\000L\000E\000C\000T\000I\000O\000N}{subsection.10.1.1}% 118
\BOOKMARK [3][-]{subsubsection.10.1.1.21}{\376\377\000L\000P\000F\000N\000G\000E\000T\000S\000T\000R\000I\000N\000G}{subsection.10.1.1}% 119
\BOOKMARK [3][-]{subsubsection.10.1.1.22}{\376\377\000L\000P\000F\000N\000I\000N\000I\000T\000I\000A\000L\000I\000Z\000E}{subsection.10.1.1}% 120
\BOOKMARK [3][-]{subsubsection.10.1.1.23}{\376\377\000L\000P\000F\000N\000I\000S\000E\000N\000A\000B\000L\000E\000D}{subsection.10.1.1}% 121
\BOOKMARK [3][-]{subsubsection.10.1.1.24}{\376\377\000L\000P\000F\000N\000L\000O\000A\000D\000P\000R\000O\000P\000E\000R\000T\000I\000E\000S}{subsection.10.1.1}% 122
\BOOKMARK [3][-]{subsubsection.10.1.1.25}{\376\377\000L\000P\000F\000N\000R\000E\000G\000L\000O\000A\000D\000S\000E\000T\000T\000I\000N\000G\000S}{subsection.10.1.1}% 123
\BOOKMARK [3][-]{subsubsection.10.1.1.26}{\376\377\000L\000P\000F\000N\000R\000E\000G\000R\000E\000S\000T\000O\000R\000E\000D\000E\000F\000A\000U\000L\000T\000S}{subsection.10.1.1}% 124
\BOOKMARK [3][-]{subsubsection.10.1.1.27}{\376\377\000L\000P\000F\000N\000R\000E\000G\000S\000A\000V\000E\000S\000E\000T\000T\000I\000N\000G\000S}{subsection.10.1.1}% 125
\BOOKMARK [3][-]{subsubsection.10.1.1.28}{\376\377\000L\000P\000F\000N\000R\000U\000N\000D\000I\000A\000L\000O\000G}{subsection.10.1.1}% 126
\BOOKMARK [3][-]{subsubsection.10.1.1.29}{\376\377\000L\000P\000F\000N\000S\000A\000V\000E\000P\000R\000O\000P\000E\000R\000T\000I\000E\000S}{subsection.10.1.1}% 127
\BOOKMARK [3][-]{subsubsection.10.1.1.30}{\376\377\000L\000P\000F\000N\000S\000E\000L\000E\000C\000T}{subsection.10.1.1}% 128
\BOOKMARK [3][-]{subsubsection.10.1.1.31}{\376\377\000L\000P\000F\000N\000S\000E\000T\000C\000O\000L\000O\000R}{subsection.10.1.1}% 129
\BOOKMARK [3][-]{subsubsection.10.1.1.32}{\376\377\000L\000P\000F\000N\000S\000E\000T\000D\000O\000U\000B\000L\000E}{subsection.10.1.1}% 130
\BOOKMARK [3][-]{subsubsection.10.1.1.33}{\376\377\000L\000P\000F\000N\000S\000E\000T\000F\000O\000N\000T}{subsection.10.1.1}% 131
\BOOKMARK [3][-]{subsubsection.10.1.1.34}{\376\377\000L\000P\000F\000N\000S\000E\000T\000L\000E\000V\000E\000L}{subsection.10.1.1}% 132
\BOOKMARK [3][-]{subsubsection.10.1.1.35}{\376\377\000L\000P\000F\000N\000S\000E\000T\000L\000O\000N\000G}{subsection.10.1.1}% 133
\BOOKMARK [3][-]{subsubsection.10.1.1.36}{\376\377\000L\000P\000F\000N\000S\000E\000T\000R\000E\000G\000I\000O\000N}{subsection.10.1.1}% 134
\BOOKMARK [3][-]{subsubsection.10.1.1.37}{\376\377\000L\000P\000F\000N\000S\000E\000T\000S\000T\000R\000I\000N\000G}{subsection.10.1.1}% 135
\BOOKMARK [3][-]{subsubsection.10.1.1.38}{\376\377\000l\000P\000r\000o\000f\000i\000l\000e\000I\000D}{subsection.10.1.1}% 136
\BOOKMARK [3][-]{subsubsection.10.1.1.39}{\376\377\000p\000x}{subsection.10.1.1}% 137
\BOOKMARK [3][-]{subsubsection.10.1.1.40}{\376\377\000p\000y}{subsection.10.1.1}% 138
\BOOKMARK [3][-]{subsubsection.10.1.1.41}{\376\377\000s\000i\000z\000e}{subsection.10.1.1}% 139
\BOOKMARK [2][-]{subsection.10.1.2}{\376\377\004\037\004\065\004\100\004\065\004\107\004\070\004\101\004\073\004\065\004\075\004\070\004\117}{section.10.1}% 140
\BOOKMARK [3][-]{subsubsection.10.1.2.1}{\376\377\000e\000A\000X\000I\000S\000I\000T\000E\000M\000S}{subsection.10.1.2}% 141
\BOOKMARK [3][-]{subsubsection.10.1.2.2}{\376\377\000e\000B\000A\000C\000K\000G\000R\000O\000U\000N\000D\000I\000T\000E\000M\000S}{subsection.10.1.2}% 142
\BOOKMARK [3][-]{subsubsection.10.1.2.3}{\376\377\000e\000F\000L\000A\000S\000H\000S\000P\000E\000E\000D}{subsection.10.1.2}% 143
\BOOKMARK [3][-]{subsubsection.10.1.2.4}{\376\377\000e\000L\000E\000G\000E\000N\000D\000I\000T\000E\000M\000S}{subsection.10.1.2}% 144
\BOOKMARK [3][-]{subsubsection.10.1.2.5}{\376\377\000e\000L\000E\000V\000E\000L\000L\000A\000B\000E\000L\000P\000O\000S}{subsection.10.1.2}% 145
\BOOKMARK [3][-]{subsubsection.10.1.2.6}{\376\377\000e\000M\000A\000R\000K\000S\000T\000Y\000P\000E}{subsection.10.1.2}% 146
\BOOKMARK [3][-]{subsubsection.10.1.2.7}{\376\377\000e\000P\000L\000O\000T\000E\000L\000E\000M\000E\000N\000T}{subsection.10.1.2}% 147
\BOOKMARK [3][-]{subsubsection.10.1.2.8}{\376\377\000e\000P\000L\000O\000T\000E\000R\000R\000O\000R\000S}{subsection.10.1.2}% 148
\BOOKMARK [3][-]{subsubsection.10.1.2.9}{\376\377\000e\000P\000R\000O\000F\000I\000L\000E\000I\000T\000E\000M\000S}{subsection.10.1.2}% 149
\BOOKMARK [3][-]{subsubsection.10.1.2.10}{\376\377\000e\000S\000E\000L\000E\000C\000T\000I\000O\000N\000I\000T\000E\000M\000S}{subsection.10.1.2}% 150
\BOOKMARK [3][-]{subsubsection.10.1.2.11}{\376\377\000e\000S\000E\000L\000E\000C\000T\000I\000O\000N\000T\000Y\000P\000E}{subsection.10.1.2}% 151
\BOOKMARK [3][-]{subsubsection.10.1.2.12}{\376\377\000L\000I\000N\000E\000T\000Y\000P\000E}{subsection.10.1.2}% 152
\BOOKMARK [2][-]{subsection.10.1.3}{\376\377\004\044\004\103\004\075\004\072\004\106\004\070\004\070}{section.10.1}% 153
\BOOKMARK [3][-]{subsubsection.10.1.3.1}{\376\377\000l\000o\000n\000g}{subsection.10.1.3}% 154
\BOOKMARK [0][-]{chapter.11}{\376\377\004\032\004\073\004\060\004\101\004\101\004\113}{}% 155
\BOOKMARK [1][-]{section.11.1}{\376\377\004\032\004\073\004\060\004\101\004\101\000\040\000x\000y\000p\000l\000o\000t\000:\000:\000A\000L\000L\000\137\000P\000L\000O\000T\000S\000\137}{chapter.11}% 156
\BOOKMARK [2][-]{subsection.11.1.1}{\376\377\004\037\004\076\004\064\004\100\004\076\004\061\004\075\004\076\004\065\000\040\004\076\004\077\004\070\004\101\004\060\004\075\004\070\004\065}{section.11.1}% 157
\BOOKMARK [2][-]{subsection.11.1.2}{\376\377\004\032\004\076\004\075\004\101\004\102\004\100\004\103\004\072\004\102\004\076\004\100\000\050\004\113\000\051}{section.11.1}% 158
\BOOKMARK [3][-]{subsubsection.11.1.2.1}{\376\377\000A\000L\000L\000\137\000P\000L\000O\000T\000S\000\137}{subsection.11.1.2}% 159
\BOOKMARK [1][-]{section.11.2}{\376\377\004\032\004\073\004\060\004\101\004\101\000\040\000x\000y\000p\000l\000o\000t\000:\000:\000A\000L\000L\000\137\000P\000R\000O\000F\000I\000L\000E\000S}{chapter.11}% 160
\BOOKMARK [2][-]{subsection.11.2.1}{\376\377\004\032\004\076\004\075\004\101\004\102\004\100\004\103\004\072\004\102\004\076\004\100\000\050\004\113\000\051}{section.11.2}% 161
\BOOKMARK [3][-]{subsubsection.11.2.1.1}{\376\377\000A\000L\000L\000\137\000P\000R\000O\000F\000I\000L\000E\000S}{subsection.11.2.1}% 162
\BOOKMARK [1][-]{section.11.3}{\376\377\004\032\004\073\004\060\004\101\004\101\000\040\000x\000y\000p\000l\000o\000t\000:\000:\000A\000L\000L\000\137\000R\000E\000G\000I\000O\000N\000S\000\137}{chapter.11}% 163
\BOOKMARK [2][-]{subsection.11.3.1}{\376\377\004\032\004\076\004\075\004\101\004\102\004\100\004\103\004\072\004\102\004\076\004\100\000\050\004\113\000\051}{section.11.3}% 164
\BOOKMARK [3][-]{subsubsection.11.3.1.1}{\376\377\000A\000L\000L\000\137\000R\000E\000G\000I\000O\000N\000S\000\137}{subsection.11.3.1}% 165
\BOOKMARK [1][-]{section.11.4}{\376\377\004\032\004\073\004\060\004\101\004\101\000\040\000x\000y\000p\000l\000o\000t\000:\000:\000H\000G\000R\000O\000U\000P}{chapter.11}% 166
\BOOKMARK [2][-]{subsection.11.4.1}{\376\377\004\032\004\076\004\075\004\101\004\102\004\100\004\103\004\072\004\102\004\076\004\100\000\050\004\113\000\051}{section.11.4}% 167
\BOOKMARK [3][-]{subsubsection.11.4.1.1}{\376\377\000H\000G\000R\000O\000U\000P}{subsection.11.4.1}% 168
\BOOKMARK [3][-]{subsubsection.11.4.1.2}{\376\377\000H\000G\000R\000O\000U\000P}{subsection.11.4.1}% 169
\BOOKMARK [2][-]{subsection.11.4.2}{\376\377\004\024\004\076\004\072\004\103\004\074\004\065\004\075\004\102\004\060\004\106\004\070\004\117\000\040\004\077\004\076\000\040\004\064\004\100\004\103\004\067\004\114\004\117\004\074\000\040\004\072\004\073\004\060\004\101\004\101\004\060\000\040\004\070\000\040\004\104\004\103\004\075\004\072\004\106\004\070\004\117\004\074\000,\000\040\004\076\004\102\004\075\004\076\004\075\004\076\004\101\004\117\004\111\004\070\004\074\004\101\004\117\000\040\004\072\000\040\004\072\004\073\004\060\004\101\004\101\004\103}{section.11.4}% 170
\BOOKMARK [3][-]{subsubsection.11.4.2.1}{\376\377\000X\000Y\000P\000l\000o\000t\000M\000a\000n\000a\000g\000e\000r\000:\000:\000C\000r\000e\000a\000t\000e\000G\000r\000o\000u\000p}{subsection.11.4.2}% 171
\BOOKMARK [1][-]{section.11.5}{\376\377\004\032\004\073\004\060\004\101\004\101\000\040\000x\000y\000p\000l\000o\000t\000:\000:\000H\000L\000E\000V\000E\000L}{chapter.11}% 172
\BOOKMARK [2][-]{subsection.11.5.1}{\376\377\004\032\004\076\004\075\004\101\004\102\004\100\004\103\004\072\004\102\004\076\004\100\000\050\004\113\000\051}{section.11.5}% 173
\BOOKMARK [3][-]{subsubsection.11.5.1.1}{\376\377\000H\000L\000E\000V\000E\000L}{subsection.11.5.1}% 174
\BOOKMARK [3][-]{subsubsection.11.5.1.2}{\376\377\000H\000L\000E\000V\000E\000L}{subsection.11.5.1}% 175
\BOOKMARK [2][-]{subsection.11.5.2}{\376\377\004\024\004\076\004\072\004\103\004\074\004\065\004\075\004\102\004\060\004\106\004\070\004\117\000\040\004\077\004\076\000\040\004\064\004\100\004\103\004\067\004\114\004\117\004\074\000\040\004\072\004\073\004\060\004\101\004\101\004\060\000\040\004\070\000\040\004\104\004\103\004\075\004\072\004\106\004\070\004\117\004\074\000,\000\040\004\076\004\102\004\075\004\076\004\075\004\076\004\101\004\117\004\111\004\070\004\074\004\101\004\117\000\040\004\072\000\040\004\072\004\073\004\060\004\101\004\101\004\103}{section.11.5}% 176
\BOOKMARK [3][-]{subsubsection.11.5.2.1}{\376\377\000X\000Y\000P\000l\000o\000t\000M\000a\000n\000a\000g\000e\000r\000:\000:\000C\000r\000e\000a\000t\000e\000L\000e\000v\000e\000l}{subsection.11.5.2}% 177
\BOOKMARK [1][-]{section.11.6}{\376\377\004\032\004\073\004\060\004\101\004\101\000\040\000x\000y\000p\000l\000o\000t\000:\000:\000H\000P\000L\000O\000T}{chapter.11}% 178
\BOOKMARK [2][-]{subsection.11.6.1}{\376\377\004\037\004\076\004\064\004\100\004\076\004\061\004\075\004\076\004\065\000\040\004\076\004\077\004\070\004\101\004\060\004\075\004\070\004\065}{section.11.6}% 179
\BOOKMARK [2][-]{subsection.11.6.2}{\376\377\004\032\004\076\004\075\004\101\004\102\004\100\004\103\004\072\004\102\004\076\004\100\000\050\004\113\000\051}{section.11.6}% 180
\BOOKMARK [3][-]{subsubsection.11.6.2.1}{\376\377\000H\000P\000L\000O\000T}{subsection.11.6.2}% 181
\BOOKMARK [3][-]{subsubsection.11.6.2.2}{\376\377\000H\000P\000L\000O\000T}{subsection.11.6.2}% 182
\BOOKMARK [2][-]{subsection.11.6.3}{\376\377\004\024\004\076\004\072\004\103\004\074\004\065\004\075\004\102\004\060\004\106\004\070\004\117\000\040\004\077\004\076\000\040\004\064\004\100\004\103\004\067\004\114\004\117\004\074\000\040\004\072\004\073\004\060\004\101\004\101\004\060\000\040\004\070\000\040\004\104\004\103\004\075\004\072\004\106\004\070\004\117\004\074\000,\000\040\004\076\004\102\004\075\004\076\004\075\004\076\004\101\004\117\004\111\004\070\004\074\004\101\004\117\000\040\004\072\000\040\004\072\004\073\004\060\004\101\004\101\004\103}{section.11.6}% 183
\BOOKMARK [3][-]{subsubsection.11.6.3.1}{\376\377\000X\000Y\000P\000l\000o\000t\000M\000a\000n\000a\000g\000e\000r\000:\000:\000C\000r\000e\000a\000t\000e\000P\000l\000o\000t}{subsection.11.6.3}% 184
\BOOKMARK [1][-]{section.11.7}{\376\377\004\032\004\073\004\060\004\101\004\101\000\040\000x\000y\000p\000l\000o\000t\000:\000:\000H\000P\000L\000O\000T\000R\000E\000G\000I\000O\000N}{chapter.11}% 185
\BOOKMARK [2][-]{subsection.11.7.1}{\376\377\004\032\004\076\004\075\004\101\004\102\004\100\004\103\004\072\004\102\004\076\004\100\000\050\004\113\000\051}{section.11.7}% 186
\BOOKMARK [3][-]{subsubsection.11.7.1.1}{\376\377\000H\000P\000L\000O\000T\000R\000E\000G\000I\000O\000N}{subsection.11.7.1}% 187
\BOOKMARK [3][-]{subsubsection.11.7.1.2}{\376\377\000H\000P\000L\000O\000T\000R\000E\000G\000I\000O\000N}{subsection.11.7.1}% 188
\BOOKMARK [2][-]{subsection.11.7.2}{\376\377\004\024\004\076\004\072\004\103\004\074\004\065\004\075\004\102\004\060\004\106\004\070\004\117\000\040\004\077\004\076\000\040\004\064\004\100\004\103\004\067\004\114\004\117\004\074\000\040\004\072\004\073\004\060\004\101\004\101\004\060\000\040\004\070\000\040\004\104\004\103\004\075\004\072\004\106\004\070\004\117\004\074\000,\000\040\004\076\004\102\004\075\004\076\004\075\004\076\004\101\004\117\004\111\004\070\004\074\004\101\004\117\000\040\004\072\000\040\004\072\004\073\004\060\004\101\004\101\004\103}{section.11.7}% 189
\BOOKMARK [3][-]{subsubsection.11.7.2.1}{\376\377\000X\000Y\000P\000l\000o\000t\000M\000a\000n\000a\000g\000e\000r\000:\000:\000C\000r\000e\000a\000t\000e\000R\000e\000g\000i\000o\000n}{subsection.11.7.2}% 190
\BOOKMARK [1][-]{section.11.8}{\376\377\004\032\004\073\004\060\004\101\004\101\000\040\000x\000y\000p\000l\000o\000t\000:\000:\000H\000P\000R\000O\000F\000I\000L\000E}{chapter.11}% 191
\BOOKMARK [2][-]{subsection.11.8.1}{\376\377\004\037\004\076\004\064\004\100\004\076\004\061\004\075\004\076\004\065\000\040\004\076\004\077\004\070\004\101\004\060\004\075\004\070\004\065}{section.11.8}% 192
\BOOKMARK [2][-]{subsection.11.8.2}{\376\377\004\032\004\076\004\075\004\101\004\102\004\100\004\103\004\072\004\102\004\076\004\100\000\050\004\113\000\051}{section.11.8}% 193
\BOOKMARK [3][-]{subsubsection.11.8.2.1}{\376\377\000H\000P\000R\000O\000F\000I\000L\000E}{subsection.11.8.2}% 194
\BOOKMARK [3][-]{subsubsection.11.8.2.2}{\376\377\000H\000P\000R\000O\000F\000I\000L\000E}{subsection.11.8.2}% 195
\BOOKMARK [2][-]{subsection.11.8.3}{\376\377\004\024\004\076\004\072\004\103\004\074\004\065\004\075\004\102\004\060\004\106\004\070\004\117\000\040\004\077\004\076\000\040\004\064\004\100\004\103\004\067\004\114\004\117\004\074\000\040\004\072\004\073\004\060\004\101\004\101\004\060\000\040\004\070\000\040\004\104\004\103\004\075\004\072\004\106\004\070\004\117\004\074\000,\000\040\004\076\004\102\004\075\004\076\004\075\004\076\004\101\004\117\004\111\004\070\004\074\004\101\004\117\000\040\004\072\000\040\004\072\004\073\004\060\004\101\004\101\004\103}{section.11.8}% 196
\BOOKMARK [3][-]{subsubsection.11.8.3.1}{\376\377\000X\000Y\000P\000l\000o\000t\000M\000a\000n\000a\000g\000e\000r\000:\000:\000C\000r\000e\000a\000t\000e\000P\000r\000o\000f\000i\000l\000e}{subsection.11.8.3}% 197
\BOOKMARK [3][-]{subsubsection.11.8.3.2}{\376\377\000X\000Y\000P\000l\000o\000t\000M\000a\000n\000a\000g\000e\000r\000:\000:\000G\000e\000t\000P\000r\000o\000f\000i\000l\000e\000L\000i\000s\000t}{subsection.11.8.3}% 198
\BOOKMARK [1][-]{section.11.9}{\376\377\004\032\004\073\004\060\004\101\004\101\000\040\000x\000y\000p\000l\000o\000t\000:\000:\000I\000N\000V\000A\000L\000I\000D\000\137\000G\000R\000O\000U\000P}{chapter.11}% 199
\BOOKMARK [2][-]{subsection.11.9.1}{\376\377\004\032\004\076\004\075\004\101\004\102\004\100\004\103\004\072\004\102\004\076\004\100\000\050\004\113\000\051}{section.11.9}% 200
\BOOKMARK [3][-]{subsubsection.11.9.1.1}{\376\377\000I\000N\000V\000A\000L\000I\000D\000\137\000G\000R\000O\000U\000P}{subsection.11.9.1}% 201
\BOOKMARK [1][-]{section.11.10}{\376\377\004\032\004\073\004\060\004\101\004\101\000\040\000x\000y\000p\000l\000o\000t\000:\000:\000I\000N\000V\000A\000L\000I\000D\000\137\000P\000R\000O\000F\000I\000L\000E}{chapter.11}% 202
\BOOKMARK [2][-]{subsection.11.10.1}{\376\377\004\032\004\076\004\075\004\101\004\102\004\100\004\103\004\072\004\102\004\076\004\100\000\050\004\113\000\051}{section.11.10}% 203
\BOOKMARK [3][-]{subsubsection.11.10.1.1}{\376\377\000I\000N\000V\000A\000L\000I\000D\000\137\000P\000R\000O\000F\000I\000L\000E}{subsection.11.10.1}% 204
\BOOKMARK [1][-]{section.11.11}{\376\377\004\032\004\073\004\060\004\101\004\101\000\040\000x\000y\000p\000l\000o\000t\000:\000:\000P\000l\000o\000t\000H\000a\000n\000d\000l\000e}{chapter.11}% 205
\BOOKMARK [2][-]{subsection.11.11.1}{\376\377\004\037\004\076\004\064\004\100\004\076\004\061\004\075\004\076\004\065\000\040\004\076\004\077\004\070\004\101\004\060\004\075\004\070\004\065}{section.11.11}% 206
\BOOKMARK [2][-]{subsection.11.11.2}{\376\377\004\032\004\076\004\075\004\101\004\102\004\100\004\103\004\072\004\102\004\076\004\100\000\050\004\113\000\051}{section.11.11}% 207
\BOOKMARK [3][-]{subsubsection.11.11.2.1}{\376\377\000P\000l\000o\000t\000H\000a\000n\000d\000l\000e}{subsection.11.11.2}% 208
\BOOKMARK [3][-]{subsubsection.11.11.2.2}{\376\377\000P\000l\000o\000t\000H\000a\000n\000d\000l\000e}{subsection.11.11.2}% 209
\BOOKMARK [3][-]{subsubsection.11.11.2.3}{\376\377\000P\000l\000o\000t\000H\000a\000n\000d\000l\000e}{subsection.11.11.2}% 210
\BOOKMARK [3][-]{subsubsection.11.11.2.4}{\376\377\000P\000l\000o\000t\000H\000a\000n\000d\000l\000e}{subsection.11.11.2}% 211
\BOOKMARK [2][-]{subsection.11.11.3}{\376\377\004\034\004\065\004\102\004\076\004\064\004\113}{section.11.11}% 212
\BOOKMARK [3][-]{subsubsection.11.11.3.1}{\376\377\000o\000p\000e\000r\000a\000t\000o\000r\000\040\000l\000o\000n\000g}{subsection.11.11.3}% 213
\BOOKMARK [3][-]{subsubsection.11.11.3.2}{\376\377\000o\000p\000e\000r\000a\000t\000o\000r\000!}{subsection.11.11.3}% 214
\BOOKMARK [3][-]{subsubsection.11.11.3.3}{\376\377\000o\000p\000e\000r\000a\000t\000o\000r\000!\000=}{subsection.11.11.3}% 215
\BOOKMARK [3][-]{subsubsection.11.11.3.4}{\376\377\000o\000p\000e\000r\000a\000t\000o\000r\000\046}{subsection.11.11.3}% 216
\BOOKMARK [3][-]{subsubsection.11.11.3.5}{\376\377\000o\000p\000e\000r\000a\000t\000o\000r\000=}{subsection.11.11.3}% 217
\BOOKMARK [1][-]{section.11.12}{\376\377\004\032\004\073\004\060\004\101\004\101\000\040\000x\000y\000p\000l\000o\000t\000:\000:\000X\000Y\000P\000l\000o\000t\000E\000r\000r\000o\000r}{chapter.11}% 218
\BOOKMARK [2][-]{subsection.11.12.1}{\376\377\004\032\004\076\004\075\004\101\004\102\004\100\004\103\004\072\004\102\004\076\004\100\000\050\004\113\000\051}{section.11.12}% 219
\BOOKMARK [3][-]{subsubsection.11.12.1.1}{\376\377\000X\000Y\000P\000l\000o\000t\000E\000r\000r\000o\000r}{subsection.11.12.1}% 220
\BOOKMARK [1][-]{section.11.13}{\376\377\004\032\004\073\004\060\004\101\004\101\000\040\000x\000y\000p\000l\000o\000t\000:\000:\000X\000Y\000P\000l\000o\000t\000M\000a\000n\000a\000g\000e\000r}{chapter.11}% 221
\BOOKMARK [2][-]{subsection.11.13.1}{\376\377\004\037\004\076\004\064\004\100\004\076\004\061\004\075\004\076\004\065\000\040\004\076\004\077\004\070\004\101\004\060\004\075\004\070\004\065}{section.11.13}% 222
\BOOKMARK [2][-]{subsection.11.13.2}{\376\377\004\032\004\076\004\075\004\101\004\102\004\100\004\103\004\072\004\102\004\076\004\100\000\050\004\113\000\051}{section.11.13}% 223
\BOOKMARK [3][-]{subsubsection.11.13.2.1}{\376\377\000X\000Y\000P\000l\000o\000t\000M\000a\000n\000a\000g\000e\000r}{subsection.11.13.2}% 224
\BOOKMARK [3][-]{subsubsection.11.13.2.2}{\376\377\000X\000Y\000P\000l\000o\000t\000M\000a\000n\000a\000g\000e\000r}{subsection.11.13.2}% 225
\BOOKMARK [3][-]{subsubsection.11.13.2.3}{\376\377\000X\000Y\000P\000l\000o\000t\000M\000a\000n\000a\000g\000e\000r}{subsection.11.13.2}% 226
\BOOKMARK [2][-]{subsection.11.13.3}{\376\377\004\034\004\065\004\102\004\076\004\064\004\113}{section.11.13}% 227
\BOOKMARK [3][-]{subsubsection.11.13.3.1}{\376\377\000C\000o\000p\000y\000T\000o\000C\000l\000i\000p\000b\000o\000a\000r\000d}{subsection.11.13.3}% 228
\BOOKMARK [3][-]{subsubsection.11.13.3.2}{\376\377\000C\000r\000e\000a\000t\000e\000L\000e\000v\000e\000l}{subsection.11.13.3}% 229
\BOOKMARK [3][-]{subsubsection.11.13.3.3}{\376\377\000C\000r\000e\000a\000t\000e\000R\000e\000g\000i\000o\000n}{subsection.11.13.3}% 230
\BOOKMARK [3][-]{subsubsection.11.13.3.4}{\376\377\000D\000e\000l\000e\000t\000e\000L\000e\000v\000e\000l}{subsection.11.13.3}% 231
\BOOKMARK [3][-]{subsubsection.11.13.3.5}{\376\377\000D\000e\000l\000e\000t\000e\000R\000e\000g\000i\000o\000n}{subsection.11.13.3}% 232
\BOOKMARK [3][-]{subsubsection.11.13.3.6}{\376\377\000D\000r\000a\000w\000T\000o\000B\000i\000t\000m\000a\000p}{subsection.11.13.3}% 233
\BOOKMARK [3][-]{subsubsection.11.13.3.7}{\376\377\000G\000e\000t\000C\000o\000l\000o\000r}{subsection.11.13.3}% 234
\BOOKMARK [3][-]{subsubsection.11.13.3.8}{\376\377\000G\000e\000t\000L\000a\000s\000t\000E\000r\000r\000o\000r}{subsection.11.13.3}% 235
\BOOKMARK [3][-]{subsubsection.11.13.3.9}{\376\377\000G\000e\000t\000S\000e\000l\000e\000c\000t\000e\000d\000P\000r\000o\000f\000i\000l\000e}{subsection.11.13.3}% 236
\BOOKMARK [3][-]{subsubsection.11.13.3.10}{\376\377\000I\000n\000s\000t\000a\000n\000c\000e}{subsection.11.13.3}% 237
\BOOKMARK [3][-]{subsubsection.11.13.3.11}{\376\377\000R\000u\000n\000D\000i\000a\000l\000o\000g}{subsection.11.13.3}% 238
\BOOKMARK [3][-]{subsubsection.11.13.3.12}{\376\377\000S\000e\000t\000C\000o\000l\000o\000r}{subsection.11.13.3}% 239
\BOOKMARK [3][-]{subsubsection.11.13.3.13}{\376\377\000S\000e\000t\000L\000e\000v\000e\000l}{subsection.11.13.3}% 240
\BOOKMARK [3][-]{subsubsection.11.13.3.14}{\376\377\000S\000e\000t\000R\000e\000d\000r\000a\000w}{subsection.11.13.3}% 241
\BOOKMARK [3][-]{subsubsection.11.13.3.15}{\376\377\000S\000e\000t\000R\000e\000g\000i\000o\000n}{subsection.11.13.3}% 242
\BOOKMARK [3][-]{subsubsection.11.13.3.16}{\376\377\000T\000r\000a\000n\000s\000l\000a\000t\000e\000E\000r\000r\000o\000r}{subsection.11.13.3}% 243
\BOOKMARK [2][-]{subsection.11.13.4}{\376\377\004\024\004\060\004\075\004\075\004\113\004\065\000\040\004\072\004\073\004\060\004\101\004\101\004\060}{section.11.13}% 244
\BOOKMARK [3][-]{subsubsection.11.13.4.1}{\376\377\000m\000\137\000h\000D\000l\000l\000I\000n\000s\000t\000a\000n\000c\000e}{subsection.11.13.4}% 245
\BOOKMARK [3][-]{subsubsection.11.13.4.2}{\376\377\000m\000\137\000l\000p\000f\000n\000A\000d\000d\000L\000e\000v\000e\000l}{subsection.11.13.4}% 246
\BOOKMARK [3][-]{subsubsection.11.13.4.3}{\376\377\000m\000\137\000l\000p\000f\000n\000A\000d\000d\000P\000r\000o\000f\000i\000l\000e}{subsection.11.13.4}% 247
\BOOKMARK [3][-]{subsubsection.11.13.4.4}{\376\377\000m\000\137\000l\000p\000f\000n\000A\000d\000d\000R\000e\000g\000i\000o\000n}{subsection.11.13.4}% 248
\BOOKMARK [3][-]{subsubsection.11.13.4.5}{\376\377\000m\000\137\000l\000p\000f\000n\000A\000p\000p\000e\000n\000d\000D\000a\000t\000a}{subsection.11.13.4}% 249
\BOOKMARK [3][-]{subsubsection.11.13.4.6}{\376\377\000m\000\137\000l\000p\000f\000n\000B\000i\000n\000d\000P\000r\000o\000f\000i\000l\000e}{subsection.11.13.4}% 250
\BOOKMARK [3][-]{subsubsection.11.13.4.7}{\376\377\000m\000\137\000l\000p\000f\000n\000C\000o\000p\000y\000T\000o\000C\000l\000i\000p\000b\000o\000a\000r\000d}{subsection.11.13.4}% 251
\BOOKMARK [3][-]{subsubsection.11.13.4.8}{\376\377\000m\000\137\000l\000p\000f\000n\000C\000r\000e\000a\000t\000e\000G\000r\000o\000u\000p}{subsection.11.13.4}% 252
\BOOKMARK [3][-]{subsubsection.11.13.4.9}{\376\377\000m\000\137\000l\000p\000f\000n\000D\000e\000l\000e\000t\000e\000G\000r\000o\000u\000p}{subsection.11.13.4}% 253
\BOOKMARK [3][-]{subsubsection.11.13.4.10}{\376\377\000m\000\137\000l\000p\000f\000n\000D\000e\000l\000e\000t\000e\000L\000e\000v\000e\000l}{subsection.11.13.4}% 254
\BOOKMARK [3][-]{subsubsection.11.13.4.11}{\376\377\000m\000\137\000l\000p\000f\000n\000D\000e\000l\000e\000t\000e\000P\000r\000o\000f\000i\000l\000e}{subsection.11.13.4}% 255
\BOOKMARK [3][-]{subsubsection.11.13.4.12}{\376\377\000m\000\137\000l\000p\000f\000n\000D\000e\000l\000e\000t\000e\000R\000e\000g\000i\000o\000n}{subsection.11.13.4}% 256
\BOOKMARK [3][-]{subsubsection.11.13.4.13}{\376\377\000m\000\137\000l\000p\000f\000n\000D\000r\000a\000w\000T\000o\000B\000i\000t\000m\000a\000p}{subsection.11.13.4}% 257
\BOOKMARK [3][-]{subsubsection.11.13.4.14}{\376\377\000m\000\137\000l\000p\000f\000n\000E\000n\000a\000b\000l\000e\000I\000t\000e\000m}{subsection.11.13.4}% 258
\BOOKMARK [3][-]{subsubsection.11.13.4.15}{\376\377\000m\000\137\000l\000p\000f\000n\000F\000i\000n\000a\000l\000i\000z\000e}{subsection.11.13.4}% 259
\BOOKMARK [3][-]{subsubsection.11.13.4.16}{\376\377\000m\000\137\000l\000p\000f\000n\000G\000e\000t\000C\000o\000l\000o\000r}{subsection.11.13.4}% 260
\BOOKMARK [3][-]{subsubsection.11.13.4.17}{\376\377\000m\000\137\000l\000p\000f\000n\000G\000e\000t\000D\000a\000t\000a}{subsection.11.13.4}% 261
\BOOKMARK [3][-]{subsubsection.11.13.4.18}{\376\377\000m\000\137\000l\000p\000f\000n\000G\000e\000t\000D\000o\000u\000b\000l\000e}{subsection.11.13.4}% 262
\BOOKMARK [3][-]{subsubsection.11.13.4.19}{\376\377\000m\000\137\000l\000p\000f\000n\000G\000e\000t\000L\000o\000n\000g}{subsection.11.13.4}% 263
\BOOKMARK [3][-]{subsubsection.11.13.4.20}{\376\377\000m\000\137\000l\000p\000f\000n\000G\000e\000t\000P\000r\000o\000f\000i\000l\000e\000L\000i\000s\000t}{subsection.11.13.4}% 264
\BOOKMARK [3][-]{subsubsection.11.13.4.21}{\376\377\000m\000\137\000l\000p\000f\000n\000G\000e\000t\000S\000e\000l\000e\000c\000t\000i\000o\000n}{subsection.11.13.4}% 265
\BOOKMARK [3][-]{subsubsection.11.13.4.22}{\376\377\000m\000\137\000l\000p\000f\000n\000G\000e\000t\000S\000t\000r\000i\000n\000g}{subsection.11.13.4}% 266
\BOOKMARK [3][-]{subsubsection.11.13.4.23}{\376\377\000m\000\137\000l\000p\000f\000n\000I\000n\000i\000t\000i\000a\000l\000i\000z\000e}{subsection.11.13.4}% 267
\BOOKMARK [3][-]{subsubsection.11.13.4.24}{\376\377\000m\000\137\000l\000p\000f\000n\000I\000s\000E\000n\000a\000b\000l\000e\000d}{subsection.11.13.4}% 268
\BOOKMARK [3][-]{subsubsection.11.13.4.25}{\376\377\000m\000\137\000l\000p\000f\000n\000L\000o\000a\000d\000P\000r\000o\000p\000e\000r\000t\000i\000e\000s}{subsection.11.13.4}% 269
\BOOKMARK [3][-]{subsubsection.11.13.4.26}{\376\377\000m\000\137\000l\000p\000f\000n\000R\000e\000g\000L\000o\000a\000d\000S\000e\000t\000t\000i\000n\000g\000s}{subsection.11.13.4}% 270
\BOOKMARK [3][-]{subsubsection.11.13.4.27}{\376\377\000m\000\137\000l\000p\000f\000n\000R\000e\000g\000R\000e\000s\000t\000o\000r\000e\000D\000e\000f\000a\000u\000l\000t\000s}{subsection.11.13.4}% 271
\BOOKMARK [3][-]{subsubsection.11.13.4.28}{\376\377\000m\000\137\000l\000p\000f\000n\000R\000e\000g\000S\000a\000v\000e\000S\000e\000t\000t\000i\000n\000g\000s}{subsection.11.13.4}% 272
\BOOKMARK [3][-]{subsubsection.11.13.4.29}{\376\377\000m\000\137\000l\000p\000f\000n\000R\000u\000n\000D\000i\000a\000l\000o\000g}{subsection.11.13.4}% 273
\BOOKMARK [3][-]{subsubsection.11.13.4.30}{\376\377\000m\000\137\000l\000p\000f\000n\000S\000a\000v\000e\000P\000r\000o\000p\000e\000r\000t\000i\000e\000s}{subsection.11.13.4}% 274
\BOOKMARK [3][-]{subsubsection.11.13.4.31}{\376\377\000m\000\137\000l\000p\000f\000n\000S\000e\000l\000e\000c\000t}{subsection.11.13.4}% 275
\BOOKMARK [3][-]{subsubsection.11.13.4.32}{\376\377\000m\000\137\000l\000p\000f\000n\000S\000e\000t\000C\000o\000l\000o\000r}{subsection.11.13.4}% 276
\BOOKMARK [3][-]{subsubsection.11.13.4.33}{\376\377\000m\000\137\000l\000p\000f\000n\000S\000e\000t\000D\000a\000t\000a}{subsection.11.13.4}% 277
\BOOKMARK [3][-]{subsubsection.11.13.4.34}{\376\377\000m\000\137\000l\000p\000f\000n\000S\000e\000t\000D\000o\000u\000b\000l\000e}{subsection.11.13.4}% 278
\BOOKMARK [3][-]{subsubsection.11.13.4.35}{\376\377\000m\000\137\000l\000p\000f\000n\000S\000e\000t\000F\000o\000n\000t}{subsection.11.13.4}% 279
\BOOKMARK [3][-]{subsubsection.11.13.4.36}{\376\377\000m\000\137\000l\000p\000f\000n\000S\000e\000t\000L\000e\000v\000e\000l}{subsection.11.13.4}% 280
\BOOKMARK [3][-]{subsubsection.11.13.4.37}{\376\377\000m\000\137\000l\000p\000f\000n\000S\000e\000t\000L\000o\000n\000g}{subsection.11.13.4}% 281
\BOOKMARK [3][-]{subsubsection.11.13.4.38}{\376\377\000m\000\137\000l\000p\000f\000n\000S\000e\000t\000R\000e\000g\000i\000o\000n}{subsection.11.13.4}% 282
\BOOKMARK [3][-]{subsubsection.11.13.4.39}{\376\377\000m\000\137\000l\000p\000f\000n\000S\000e\000t\000S\000t\000r\000i\000n\000g}{subsection.11.13.4}% 283
\BOOKMARK [3][-]{subsubsection.11.13.4.40}{\376\377\000m\000\137\000n\000L\000a\000s\000t\000E\000r\000r\000o\000r}{subsection.11.13.4}% 284
\BOOKMARK [1][-]{section.11.14}{\376\377\004\032\004\073\004\060\004\101\004\101\000\040\000x\000y\000p\000l\000o\000t\000:\000:\000X\000Y\000P\000l\000o\000t\000R\000e\000q\000u\000e\000s\000t\000F\000a\000i\000l\000u\000r\000e}{chapter.11}% 285
\BOOKMARK [2][-]{subsection.11.14.1}{\376\377\004\032\004\076\004\075\004\101\004\102\004\100\004\103\004\072\004\102\004\076\004\100\000\050\004\113\000\051}{section.11.14}% 286
\BOOKMARK [3][-]{subsubsection.11.14.1.1}{\376\377\000X\000Y\000P\000l\000o\000t\000R\000e\000q\000u\000e\000s\000t\000F\000a\000i\000l\000u\000r\000e}{subsection.11.14.1}% 287
\BOOKMARK [0][-]{chapter.12}{\376\377\004\044\004\060\004\071\004\073\004\113}{}% 288
\BOOKMARK [1][-]{section.12.1}{\376\377\004\044\004\060\004\071\004\073\000\040\000s\000r\000c\000/\000d\000o\000c\000u\000m\000e\000n\000t\000a\000t\000i\000o\000n\000\137\000r\000u\000.\000h}{chapter.12}% 289
\BOOKMARK [1][-]{section.12.2}{\376\377\004\044\004\060\004\071\004\073\000\040\000s\000r\000c\000/\000x\000y\000p\000l\000o\000t\000c\000o\000n\000s\000t\000.\000h}{chapter.12}% 290
\BOOKMARK [2][-]{subsection.12.2.1}{\376\377\004\037\004\076\004\064\004\100\004\076\004\061\004\075\004\076\004\065\000\040\004\076\004\077\004\070\004\101\004\060\004\075\004\070\004\065}{section.12.2}% 291
\BOOKMARK [2][-]{subsection.12.2.2}{\376\377\004\034\004\060\004\072\004\100\004\076\004\101\004\113}{section.12.2}% 292
\BOOKMARK [3][-]{subsubsection.12.2.2.1}{\376\377\000\137\000X\000Y\000\137\000P\000L\000O\000T\000C\000O\000N\000S\000T\000\137\000H\000\137}{subsection.12.2.2}% 293
\BOOKMARK [1][-]{section.12.3}{\376\377\004\044\004\060\004\071\004\073\000\040\000s\000r\000c\000/\000X\000Y\000P\000l\000o\000t\000W\000r\000a\000p\000p\000e\000r\000.\000c\000p\000p}{chapter.12}% 294
\BOOKMARK [2][-]{subsection.12.3.1}{\376\377\004\034\004\060\004\072\004\100\004\076\004\101\004\113}{section.12.3}% 295
\BOOKMARK [3][-]{subsubsection.12.3.1.1}{\376\377\000C\000H\000E\000C\000K\000\137\000F\000U\000N\000C\000T\000I\000O\000N\000\137\000P\000O\000I\000N\000T\000E\000R}{subsection.12.3.1}% 296
\BOOKMARK [3][-]{subsubsection.12.3.1.2}{\376\377\000X\000Y\000F\000U\000N\000N\000A\000M\000E\000\137\000A\000D\000D\000L\000E\000V\000E\000L}{subsection.12.3.1}% 297
\BOOKMARK [3][-]{subsubsection.12.3.1.3}{\376\377\000X\000Y\000F\000U\000N\000N\000A\000M\000E\000\137\000A\000D\000D\000P\000R\000O\000F\000I\000L\000E}{subsection.12.3.1}% 298
\BOOKMARK [3][-]{subsubsection.12.3.1.4}{\376\377\000X\000Y\000F\000U\000N\000N\000A\000M\000E\000\137\000A\000D\000D\000R\000E\000G\000I\000O\000N}{subsection.12.3.1}% 299
\BOOKMARK [3][-]{subsubsection.12.3.1.5}{\376\377\000X\000Y\000F\000U\000N\000N\000A\000M\000E\000\137\000A\000P\000P\000E\000N\000D\000D\000A\000T\000A}{subsection.12.3.1}% 300
\BOOKMARK [3][-]{subsubsection.12.3.1.6}{\376\377\000X\000Y\000F\000U\000N\000N\000A\000M\000E\000\137\000B\000I\000N\000D\000P\000R\000O\000F}{subsection.12.3.1}% 301
\BOOKMARK [3][-]{subsubsection.12.3.1.7}{\376\377\000X\000Y\000F\000U\000N\000N\000A\000M\000E\000\137\000C\000L\000I\000P\000C\000O\000P\000Y}{subsection.12.3.1}% 302
\BOOKMARK [3][-]{subsubsection.12.3.1.8}{\376\377\000X\000Y\000F\000U\000N\000N\000A\000M\000E\000\137\000C\000R\000E\000A\000T\000E\000G\000R\000P}{subsection.12.3.1}% 303
\BOOKMARK [3][-]{subsubsection.12.3.1.9}{\376\377\000X\000Y\000F\000U\000N\000N\000A\000M\000E\000\137\000D\000E\000L\000E\000T\000E\000G\000R\000P}{subsection.12.3.1}% 304
\BOOKMARK [3][-]{subsubsection.12.3.1.10}{\376\377\000X\000Y\000F\000U\000N\000N\000A\000M\000E\000\137\000D\000E\000L\000L\000E\000V\000E\000L}{subsection.12.3.1}% 305
\BOOKMARK [3][-]{subsubsection.12.3.1.11}{\376\377\000X\000Y\000F\000U\000N\000N\000A\000M\000E\000\137\000D\000E\000L\000P\000R\000O\000F\000I\000L\000E}{subsection.12.3.1}% 306
\BOOKMARK [3][-]{subsubsection.12.3.1.12}{\376\377\000X\000Y\000F\000U\000N\000N\000A\000M\000E\000\137\000D\000E\000L\000R\000E\000G\000I\000O\000N}{subsection.12.3.1}% 307
\BOOKMARK [3][-]{subsubsection.12.3.1.13}{\376\377\000X\000Y\000F\000U\000N\000N\000A\000M\000E\000\137\000D\000R\000A\000W\000T\000O\000B\000I\000T\000M\000A\000P}{subsection.12.3.1}% 308
\BOOKMARK [3][-]{subsubsection.12.3.1.14}{\376\377\000X\000Y\000F\000U\000N\000N\000A\000M\000E\000\137\000E\000N\000A\000B\000L\000E\000M\000A\000R\000K}{subsection.12.3.1}% 309
\BOOKMARK [3][-]{subsubsection.12.3.1.15}{\376\377\000X\000Y\000F\000U\000N\000N\000A\000M\000E\000\137\000E\000N\000I\000T\000E\000M}{subsection.12.3.1}% 310
\BOOKMARK [3][-]{subsubsection.12.3.1.16}{\376\377\000X\000Y\000F\000U\000N\000N\000A\000M\000E\000\137\000F\000I\000N\000A\000L\000I\000Z\000E}{subsection.12.3.1}% 311
\BOOKMARK [3][-]{subsubsection.12.3.1.17}{\376\377\000X\000Y\000F\000U\000N\000N\000A\000M\000E\000\137\000F\000L\000A\000S\000H\000P\000R\000O\000F}{subsection.12.3.1}% 312
\BOOKMARK [3][-]{subsubsection.12.3.1.18}{\376\377\000X\000Y\000F\000U\000N\000N\000A\000M\000E\000\137\000G\000E\000T\000A\000X\000R\000A\000N\000G\000E}{subsection.12.3.1}% 313
\BOOKMARK [3][-]{subsubsection.12.3.1.19}{\376\377\000X\000Y\000F\000U\000N\000N\000A\000M\000E\000\137\000G\000E\000T\000C\000O\000L\000O\000R}{subsection.12.3.1}% 314
\BOOKMARK [3][-]{subsubsection.12.3.1.20}{\376\377\000X\000Y\000F\000U\000N\000N\000A\000M\000E\000\137\000G\000E\000T\000D\000A\000T\000A}{subsection.12.3.1}% 315
\BOOKMARK [3][-]{subsubsection.12.3.1.21}{\376\377\000X\000Y\000F\000U\000N\000N\000A\000M\000E\000\137\000G\000E\000T\000D\000O\000U\000B\000L\000E}{subsection.12.3.1}% 316
\BOOKMARK [3][-]{subsubsection.12.3.1.22}{\376\377\000X\000Y\000F\000U\000N\000N\000A\000M\000E\000\137\000G\000E\000T\000L\000O\000N\000G}{subsection.12.3.1}% 317
\BOOKMARK [3][-]{subsubsection.12.3.1.23}{\376\377\000X\000Y\000F\000U\000N\000N\000A\000M\000E\000\137\000G\000E\000T\000M\000A\000R\000K\000P\000O\000S}{subsection.12.3.1}% 318
\BOOKMARK [3][-]{subsubsection.12.3.1.24}{\376\377\000X\000Y\000F\000U\000N\000N\000A\000M\000E\000\137\000G\000E\000T\000P\000R\000O\000F\000C\000L\000R}{subsection.12.3.1}% 319
\BOOKMARK [3][-]{subsubsection.12.3.1.25}{\376\377\000X\000Y\000F\000U\000N\000N\000A\000M\000E\000\137\000G\000E\000T\000P\000R\000O\000F\000L\000I\000S\000T}{subsection.12.3.1}% 320
\BOOKMARK [3][-]{subsubsection.12.3.1.26}{\376\377\000X\000Y\000F\000U\000N\000N\000A\000M\000E\000\137\000G\000E\000T\000S\000E\000L\000M\000O\000D\000E}{subsection.12.3.1}% 321
\BOOKMARK [3][-]{subsubsection.12.3.1.27}{\376\377\000X\000Y\000F\000U\000N\000N\000A\000M\000E\000\137\000G\000E\000T\000S\000E\000L\000P\000R\000O\000F}{subsection.12.3.1}% 322
\BOOKMARK [3][-]{subsubsection.12.3.1.28}{\376\377\000X\000Y\000F\000U\000N\000N\000A\000M\000E\000\137\000G\000E\000T\000S\000T\000R\000I\000N\000G}{subsection.12.3.1}% 323
\BOOKMARK [3][-]{subsubsection.12.3.1.29}{\376\377\000X\000Y\000F\000U\000N\000N\000A\000M\000E\000\137\000I\000N\000I\000T\000I\000A\000L\000I\000Z\000E}{subsection.12.3.1}% 324
\BOOKMARK [3][-]{subsubsection.12.3.1.30}{\376\377\000X\000Y\000F\000U\000N\000N\000A\000M\000E\000\137\000I\000S\000E\000N\000A\000B\000L\000E\000D}{subsection.12.3.1}% 325
\BOOKMARK [3][-]{subsubsection.12.3.1.31}{\376\377\000X\000Y\000F\000U\000N\000N\000A\000M\000E\000\137\000L\000O\000A\000D\000P\000R\000O\000P}{subsection.12.3.1}% 326
\BOOKMARK [3][-]{subsubsection.12.3.1.32}{\376\377\000X\000Y\000F\000U\000N\000N\000A\000M\000E\000\137\000R\000E\000G\000L\000O\000A\000D}{subsection.12.3.1}% 327
\BOOKMARK [3][-]{subsubsection.12.3.1.33}{\376\377\000X\000Y\000F\000U\000N\000N\000A\000M\000E\000\137\000R\000E\000G\000R\000E\000S\000T\000O\000R\000E}{subsection.12.3.1}% 328
\BOOKMARK [3][-]{subsubsection.12.3.1.34}{\376\377\000X\000Y\000F\000U\000N\000N\000A\000M\000E\000\137\000R\000E\000G\000S\000A\000V\000E}{subsection.12.3.1}% 329
\BOOKMARK [3][-]{subsubsection.12.3.1.35}{\376\377\000X\000Y\000F\000U\000N\000N\000A\000M\000E\000\137\000R\000U\000N\000D\000I\000A\000L\000O\000G}{subsection.12.3.1}% 330
\BOOKMARK [3][-]{subsubsection.12.3.1.36}{\376\377\000X\000Y\000F\000U\000N\000N\000A\000M\000E\000\137\000S\000A\000V\000E\000P\000R\000O\000P}{subsection.12.3.1}% 331
\BOOKMARK [3][-]{subsubsection.12.3.1.37}{\376\377\000X\000Y\000F\000U\000N\000N\000A\000M\000E\000\137\000S\000E\000T\000A\000X\000R\000A\000N\000G\000E}{subsection.12.3.1}% 332
\BOOKMARK [3][-]{subsubsection.12.3.1.38}{\376\377\000X\000Y\000F\000U\000N\000N\000A\000M\000E\000\137\000S\000E\000T\000C\000O\000L\000O\000R}{subsection.12.3.1}% 333
\BOOKMARK [3][-]{subsubsection.12.3.1.39}{\376\377\000X\000Y\000F\000U\000N\000N\000A\000M\000E\000\137\000S\000E\000T\000D\000A\000T\000A}{subsection.12.3.1}% 334
\BOOKMARK [3][-]{subsubsection.12.3.1.40}{\376\377\000X\000Y\000F\000U\000N\000N\000A\000M\000E\000\137\000S\000E\000T\000D\000O\000U\000B\000L\000E}{subsection.12.3.1}% 335
\BOOKMARK [3][-]{subsubsection.12.3.1.41}{\376\377\000X\000Y\000F\000U\000N\000N\000A\000M\000E\000\137\000S\000E\000T\000F\000L\000A\000S\000H}{subsection.12.3.1}% 336
\BOOKMARK [3][-]{subsubsection.12.3.1.42}{\376\377\000X\000Y\000F\000U\000N\000N\000A\000M\000E\000\137\000S\000E\000T\000F\000O\000N\000T}{subsection.12.3.1}% 337
\BOOKMARK [3][-]{subsubsection.12.3.1.43}{\376\377\000X\000Y\000F\000U\000N\000N\000A\000M\000E\000\137\000S\000E\000T\000L\000E\000V\000E\000L}{subsection.12.3.1}% 338
\BOOKMARK [3][-]{subsubsection.12.3.1.44}{\376\377\000X\000Y\000F\000U\000N\000N\000A\000M\000E\000\137\000S\000E\000T\000L\000O\000N\000G}{subsection.12.3.1}% 339
\BOOKMARK [3][-]{subsubsection.12.3.1.45}{\376\377\000X\000Y\000F\000U\000N\000N\000A\000M\000E\000\137\000S\000E\000T\000M\000A\000R\000K\000P\000O\000S}{subsection.12.3.1}% 340
\BOOKMARK [3][-]{subsubsection.12.3.1.46}{\376\377\000X\000Y\000F\000U\000N\000N\000A\000M\000E\000\137\000S\000E\000T\000P\000R\000O\000F\000C\000L\000R}{subsection.12.3.1}% 341
\BOOKMARK [3][-]{subsubsection.12.3.1.47}{\376\377\000X\000Y\000F\000U\000N\000N\000A\000M\000E\000\137\000S\000E\000T\000P\000R\000O\000F\000S\000T\000L}{subsection.12.3.1}% 342
\BOOKMARK [3][-]{subsubsection.12.3.1.48}{\376\377\000X\000Y\000F\000U\000N\000N\000A\000M\000E\000\137\000S\000E\000T\000R\000E\000D\000R\000A\000W}{subsection.12.3.1}% 343
\BOOKMARK [3][-]{subsubsection.12.3.1.49}{\376\377\000X\000Y\000F\000U\000N\000N\000A\000M\000E\000\137\000S\000E\000T\000R\000E\000G\000I\000O\000N}{subsection.12.3.1}% 344
\BOOKMARK [3][-]{subsubsection.12.3.1.50}{\376\377\000X\000Y\000F\000U\000N\000N\000A\000M\000E\000\137\000S\000E\000T\000S\000E\000L\000M\000O\000D\000E}{subsection.12.3.1}% 345
\BOOKMARK [3][-]{subsubsection.12.3.1.51}{\376\377\000X\000Y\000F\000U\000N\000N\000A\000M\000E\000\137\000S\000E\000T\000S\000T\000R\000I\000N\000G}{subsection.12.3.1}% 346
\BOOKMARK [1][-]{section.12.4}{\376\377\004\044\004\060\004\071\004\073\000\040\000s\000r\000c\000/\000X\000Y\000P\000l\000o\000t\000W\000r\000a\000p\000p\000e\000r\000.\000h}{chapter.12}% 347
\BOOKMARK [2][-]{subsection.12.4.1}{\376\377\004\034\004\060\004\072\004\100\004\076\004\101\004\113}{section.12.4}% 348
\BOOKMARK [3][-]{subsubsection.12.4.1.1}{\376\377\000A\000L\000L\000\137\000P\000L\000O\000T\000S}{subsection.12.4.1}% 349
\BOOKMARK [3][-]{subsubsection.12.4.1.2}{\376\377\000A\000L\000L\000\137\000R\000E\000G\000I\000O\000N\000S}{subsection.12.4.1}% 350
\BOOKMARK [3][-]{subsubsection.12.4.1.3}{\376\377\000X\000Y\000P\000L\000O\000T\000F\000N}{subsection.12.4.1}% 351
